<?xml version="1.0" encoding="UTF-8"?>
<testng-results skipped="0" failed="0" ignored="0" total="1" passed="1">
  <reporter-output>
  </reporter-output>
  <suite name="Default suite" duration-ms="1114669" started-at="2017-12-19T06:05:06Z" finished-at="2017-12-19T06:23:41Z">
    <groups>
    </groups>
    <test name="Default test" duration-ms="1114669" started-at="2017-12-19T06:05:06Z" finished-at="2017-12-19T06:23:41Z">
      <class name="rFence.Mainfn">
        <test-method status="PASS" signature="testing()[pri:0, instance:rFence.Mainfn@100d6b1]" name="testing" duration-ms="1114639" started-at="2017-12-19T11:35:06Z" finished-at="2017-12-19T11:53:41Z">
          <reporter-output>
          </reporter-output>
        </test-method> <!-- testing -->
      </class> <!-- rFence.Mainfn -->
    </test> <!-- Default test -->
  </suite> <!-- Default suite -->
</testng-results>
